2024-02-28 09:00:48.335  INFO 19444 --- [main] c.y.v.YiwanVaccinedispenserApplication   : Starting YiwanVaccinedispenserApplication using Java 17.0.9 on ZH with PID 19444 (C:\Users\78671\Desktop\yiwan-vaccinedispenser_V1.0\yiwan-vaccinedispenser-admin\target\classes started by 78671 in C:\Users\78671\Desktop\yiwan-vaccinedispenser_V1.0)
2024-02-28 09:00:48.336  INFO 19444 --- [main] c.y.v.YiwanVaccinedispenserApplication   : The following 1 profile is active: "dev"
2024-02-28 09:00:49.204  INFO 19444 --- [main] .s.d.r.c.RepositoryConfigurationDelegate : Multiple Spring Data modules found, entering strict repository configuration mode
2024-02-28 09:00:49.206  INFO 19444 --- [main] .s.d.r.c.RepositoryConfigurationDelegate : Bootstrapping Spring Data Redis repositories in DEFAULT mode.
2024-02-28 09:00:49.235  INFO 19444 --- [main] .s.d.r.c.RepositoryConfigurationDelegate : Finished Spring Data repository scanning in 16 ms. Found 0 Redis repository interfaces.
2024-02-28 09:00:49.702  INFO 19444 --- [main] o.s.b.w.embedded.tomcat.TomcatWebServer  : Tomcat initialized with port(s): 5160 (http)
2024-02-28 09:00:49.710  INFO 19444 --- [main] o.apache.catalina.core.StandardService   : Starting service [Tomcat]
2024-02-28 09:00:49.710  INFO 19444 --- [main] org.apache.catalina.core.StandardEngine  : Starting Servlet engine: [Apache Tomcat/9.0.75]
2024-02-28 09:00:49.790  INFO 19444 --- [main] o.a.c.c.C.[Tomcat].[localhost].[/]       : Initializing Spring embedded WebApplicationContext
2024-02-28 09:00:49.791  INFO 19444 --- [main] w.s.c.ServletWebServerApplicationContext : Root WebApplicationContext: initialization completed in 1415 ms
2024-02-28 09:00:50.922  INFO 19444 --- [main] o.y.standard.ServerEndpointExporter      : [34mNetty WebSocket started on port: 8880 with context path(s): '/websocket/{pageId}' .[0m
2024-02-28 09:00:50.950  INFO 19444 --- [main] o.s.b.w.embedded.tomcat.TomcatWebServer  : Tomcat started on port(s): 5160 (http) with context path ''
2024-02-28 09:00:50.960  INFO 19444 --- [main] c.y.v.YiwanVaccinedispenserApplication   : Started YiwanVaccinedispenserApplication in 3.107 seconds (JVM running for 4.462)
2024-02-28 14:19:35.527  INFO 19444 --- [http-nio-5160-exec-1] o.a.c.c.C.[Tomcat].[localhost].[/]       : Initializing Spring DispatcherServlet 'dispatcherServlet'
2024-02-28 14:19:35.530  INFO 19444 --- [http-nio-5160-exec-1] o.s.web.servlet.DispatcherServlet        : Initializing Servlet 'dispatcherServlet'
2024-02-28 14:19:35.549  INFO 19444 --- [http-nio-5160-exec-1] o.s.web.servlet.DispatcherServlet        : Completed initialization in 19 ms
2024-02-28 14:19:35.689  INFO 19444 --- [http-nio-5160-exec-1] c.y.v.w.c.system.LoginController         : 收到的数据是：{}LogResquest(username=admin, password=123456a, type=null, identifyingCode=null, identifyingCodeId=null)
2024-02-28 14:19:35.754  INFO 19444 --- [http-nio-5160-exec-1] com.zaxxer.hikari.HikariDataSource       : HikariPool-1 - Starting...
2024-02-28 14:19:35.923  INFO 19444 --- [http-nio-5160-exec-1] com.zaxxer.hikari.HikariDataSource       : HikariPool-1 - Start completed.
2024-02-28 14:19:35.988 ERROR 19444 --- [http-nio-5160-exec-1] o.a.c.c.C.[.[.[/].[dispatcherServlet]    : Servlet.service() for servlet [dispatcherServlet] in context with path [] threw exception [Request processing failed; nested exception is org.springframework.jdbc.BadSqlGrammarException: 
### Error querying database.  Cause: java.sql.SQLSyntaxErrorException: Table 'test.sys_user' doesn't exist
### The error may exist in com/yiwan/vaccinedispenser/system/sys/dao/SysUserDao.java (best guess)
### The error may involve defaultParameterMap
### The error occurred while setting parameters
### SQL: SELECT  id,mobile,real_name,user_name,password,mailbox,province_code,province,city_code,city,status,types,hos_department_ids,api_hos_area_id,area_floor_id,remark,last_login_time,create_time,update_time,create_by,update_by,deleted  FROM sys_user   WHERE  deleted=0  AND (user_name = ?)
### Cause: java.sql.SQLSyntaxErrorException: Table 'test.sys_user' doesn't exist
; bad SQL grammar []; nested exception is java.sql.SQLSyntaxErrorException: Table 'test.sys_user' doesn't exist] with root cause

java.sql.SQLSyntaxErrorException: Table 'test.sys_user' doesn't exist
	at com.mysql.cj.jdbc.exceptions.SQLError.createSQLException(SQLError.java:121)
	at com.mysql.cj.jdbc.exceptions.SQLExceptionsMapping.translateException(SQLExceptionsMapping.java:122)
	at com.mysql.cj.jdbc.ClientPreparedStatement.executeInternal(ClientPreparedStatement.java:916)
	at com.mysql.cj.jdbc.ClientPreparedStatement.execute(ClientPreparedStatement.java:354)
	at com.zaxxer.hikari.pool.ProxyPreparedStatement.execute(ProxyPreparedStatement.java:44)
	at com.zaxxer.hikari.pool.HikariProxyPreparedStatement.execute(HikariProxyPreparedStatement.java)
	at org.apache.ibatis.executor.statement.PreparedStatementHandler.query(PreparedStatementHandler.java:64)
	at org.apache.ibatis.executor.statement.RoutingStatementHandler.query(RoutingStatementHandler.java:79)
	at java.base/jdk.internal.reflect.NativeMethodAccessorImpl.invoke0(Native Method)
	at java.base/jdk.internal.reflect.NativeMethodAccessorImpl.invoke(NativeMethodAccessorImpl.java:77)
	at java.base/jdk.internal.reflect.DelegatingMethodAccessorImpl.invoke(DelegatingMethodAccessorImpl.java:43)
	at java.base/java.lang.reflect.Method.invoke(Method.java:568)
	at org.apache.ibatis.plugin.Plugin.invoke(Plugin.java:63)
	at jdk.proxy2/jdk.proxy2.$Proxy112.query(Unknown Source)
	at com.baomidou.mybatisplus.core.executor.MybatisSimpleExecutor.doQuery(MybatisSimpleExecutor.java:69)
	at org.apache.ibatis.executor.BaseExecutor.queryFromDatabase(BaseExecutor.java:325)
	at org.apache.ibatis.executor.BaseExecutor.query(BaseExecutor.java:156)
	at com.baomidou.mybatisplus.core.executor.MybatisCachingExecutor.query(MybatisCachingExecutor.java:165)
	at com.baomidou.mybatisplus.extension.plugins.MybatisPlusInterceptor.intercept(MybatisPlusInterceptor.java:64)
	at org.apache.ibatis.plugin.Plugin.invoke(Plugin.java:61)
	at jdk.proxy2/jdk.proxy2.$Proxy111.query(Unknown Source)
	at org.apache.ibatis.session.defaults.DefaultSqlSession.selectList(DefaultSqlSession.java:147)
	at org.apache.ibatis.session.defaults.DefaultSqlSession.selectList(DefaultSqlSession.java:140)
	at org.apache.ibatis.session.defaults.DefaultSqlSession.selectOne(DefaultSqlSession.java:76)
	at java.base/jdk.internal.reflect.NativeMethodAccessorImpl.invoke0(Native Method)
	at java.base/jdk.internal.reflect.NativeMethodAccessorImpl.invoke(NativeMethodAccessorImpl.java:77)
	at java.base/jdk.internal.reflect.DelegatingMethodAccessorImpl.invoke(DelegatingMethodAccessorImpl.java:43)
	at java.base/java.lang.reflect.Method.invoke(Method.java:568)
	at org.mybatis.spring.SqlSessionTemplate$SqlSessionInterceptor.invoke(SqlSessionTemplate.java:426)
	at jdk.proxy2/jdk.proxy2.$Proxy74.selectOne(Unknown Source)
	at org.mybatis.spring.SqlSessionTemplate.selectOne(SqlSessionTemplate.java:159)
	at com.baomidou.mybatisplus.core.override.MybatisMapperMethod.execute(MybatisMapperMethod.java:90)
	at com.baomidou.mybatisplus.core.override.MybatisMapperProxy$PlainMethodInvoker.invoke(MybatisMapperProxy.java:148)
	at com.baomidou.mybatisplus.core.override.MybatisMapperProxy.invoke(MybatisMapperProxy.java:89)
	at jdk.proxy2/jdk.proxy2.$Proxy75.selectOne(Unknown Source)
	at com.yiwan.vaccinedispenser.system.sys.service.sys.impl.LoginServiceImpl.findUser(LoginServiceImpl.java:21)
	at com.yiwan.vaccinedispenser.web.controller.system.LoginController.login(LoginController.java:51)
	at java.base/jdk.internal.reflect.NativeMethodAccessorImpl.invoke0(Native Method)
	at java.base/jdk.internal.reflect.NativeMethodAccessorImpl.invoke(NativeMethodAccessorImpl.java:77)
	at java.base/jdk.internal.reflect.DelegatingMethodAccessorImpl.invoke(DelegatingMethodAccessorImpl.java:43)
	at java.base/java.lang.reflect.Method.invoke(Method.java:568)
	at org.springframework.web.method.support.InvocableHandlerMethod.doInvoke(InvocableHandlerMethod.java:205)
	at org.springframework.web.method.support.InvocableHandlerMethod.invokeForRequest(InvocableHandlerMethod.java:150)
	at org.springframework.web.servlet.mvc.method.annotation.ServletInvocableHandlerMethod.invokeAndHandle(ServletInvocableHandlerMethod.java:117)
	at org.springframework.web.servlet.mvc.method.annotation.RequestMappingHandlerAdapter.invokeHandlerMethod(RequestMappingHandlerAdapter.java:895)
	at org.springframework.web.servlet.mvc.method.annotation.RequestMappingHandlerAdapter.handleInternal(RequestMappingHandlerAdapter.java:808)
	at org.springframework.web.servlet.mvc.method.AbstractHandlerMethodAdapter.handle(AbstractHandlerMethodAdapter.java:87)
	at org.springframework.web.servlet.DispatcherServlet.doDispatch(DispatcherServlet.java:1072)
	at org.springframework.web.servlet.DispatcherServlet.doService(DispatcherServlet.java:965)
	at org.springframework.web.servlet.FrameworkServlet.processRequest(FrameworkServlet.java:1006)
	at org.springframework.web.servlet.FrameworkServlet.doPost(FrameworkServlet.java:909)
	at javax.servlet.http.HttpServlet.service(HttpServlet.java:665)
	at org.springframework.web.servlet.FrameworkServlet.service(FrameworkServlet.java:883)
	at javax.servlet.http.HttpServlet.service(HttpServlet.java:750)
	at org.apache.catalina.core.ApplicationFilterChain.internalDoFilter(ApplicationFilterChain.java:209)
	at org.apache.catalina.core.ApplicationFilterChain.doFilter(ApplicationFilterChain.java:153)
	at org.apache.tomcat.websocket.server.WsFilter.doFilter(WsFilter.java:51)
	at org.apache.catalina.core.ApplicationFilterChain.internalDoFilter(ApplicationFilterChain.java:178)
	at org.apache.catalina.core.ApplicationFilterChain.doFilter(ApplicationFilterChain.java:153)
	at org.springframework.web.filter.RequestContextFilter.doFilterInternal(RequestContextFilter.java:100)
	at org.springframework.web.filter.OncePerRequestFilter.doFilter(OncePerRequestFilter.java:117)
	at org.apache.catalina.core.ApplicationFilterChain.internalDoFilter(ApplicationFilterChain.java:178)
	at org.apache.catalina.core.ApplicationFilterChain.doFilter(ApplicationFilterChain.java:153)
	at org.springframework.web.filter.FormContentFilter.doFilterInternal(FormContentFilter.java:93)
	at org.springframework.web.filter.OncePerRequestFilter.doFilter(OncePerRequestFilter.java:117)
	at org.apache.catalina.core.ApplicationFilterChain.internalDoFilter(ApplicationFilterChain.java:178)
	at org.apache.catalina.core.ApplicationFilterChain.doFilter(ApplicationFilterChain.java:153)
	at org.springframework.web.filter.CharacterEncodingFilter.doFilterInternal(CharacterEncodingFilter.java:201)
	at org.springframework.web.filter.OncePerRequestFilter.doFilter(OncePerRequestFilter.java:117)
	at org.apache.catalina.core.ApplicationFilterChain.internalDoFilter(ApplicationFilterChain.java:178)
	at org.apache.catalina.core.ApplicationFilterChain.doFilter(ApplicationFilterChain.java:153)
	at org.apache.catalina.core.StandardWrapperValve.invoke(StandardWrapperValve.java:167)
	at org.apache.catalina.core.StandardContextValve.invoke(StandardContextValve.java:90)
	at org.apache.catalina.authenticator.AuthenticatorBase.invoke(AuthenticatorBase.java:481)
	at org.apache.catalina.core.StandardHostValve.invoke(StandardHostValve.java:130)
	at org.apache.catalina.valves.ErrorReportValve.invoke(ErrorReportValve.java:93)
	at org.apache.catalina.core.StandardEngineValve.invoke(StandardEngineValve.java:74)
	at org.apache.catalina.connector.CoyoteAdapter.service(CoyoteAdapter.java:343)
	at org.apache.coyote.http11.Http11Processor.service(Http11Processor.java:390)
	at org.apache.coyote.AbstractProcessorLight.process(AbstractProcessorLight.java:63)
	at org.apache.coyote.AbstractProtocol$ConnectionHandler.process(AbstractProtocol.java:926)
	at org.apache.tomcat.util.net.NioEndpoint$SocketProcessor.doRun(NioEndpoint.java:1791)
	at org.apache.tomcat.util.net.SocketProcessorBase.run(SocketProcessorBase.java:52)
	at org.apache.tomcat.util.threads.ThreadPoolExecutor.runWorker(ThreadPoolExecutor.java:1191)
	at org.apache.tomcat.util.threads.ThreadPoolExecutor$Worker.run(ThreadPoolExecutor.java:659)
	at org.apache.tomcat.util.threads.TaskThread$WrappingRunnable.run(TaskThread.java:61)
	at java.base/java.lang.Thread.run(Thread.java:842)

2024-02-28 14:20:19.527  INFO 19444 --- [SpringApplicationShutdownHook] com.zaxxer.hikari.HikariDataSource       : HikariPool-1 - Shutdown initiated...
2024-02-28 14:20:19.553  INFO 19444 --- [SpringApplicationShutdownHook] com.zaxxer.hikari.HikariDataSource       : HikariPool-1 - Shutdown completed.
2024-02-28 14:20:30.681  INFO 18540 --- [main] c.y.v.YiwanVaccinedispenserApplication   : Starting YiwanVaccinedispenserApplication using Java 17.0.9 on ZH with PID 18540 (C:\Users\78671\Desktop\yiwan-vaccinedispenser_V1.0\yiwan-vaccinedispenser-admin\target\classes started by 78671 in C:\Users\78671\Desktop\yiwan-vaccinedispenser_V1.0)
2024-02-28 14:20:30.681  INFO 18540 --- [main] c.y.v.YiwanVaccinedispenserApplication   : The following 1 profile is active: "dev"
2024-02-28 14:20:31.760  INFO 18540 --- [main] .s.d.r.c.RepositoryConfigurationDelegate : Multiple Spring Data modules found, entering strict repository configuration mode
2024-02-28 14:20:31.762  INFO 18540 --- [main] .s.d.r.c.RepositoryConfigurationDelegate : Bootstrapping Spring Data Redis repositories in DEFAULT mode.
2024-02-28 14:20:31.792  INFO 18540 --- [main] .s.d.r.c.RepositoryConfigurationDelegate : Finished Spring Data repository scanning in 15 ms. Found 0 Redis repository interfaces.
2024-02-28 14:20:32.229  INFO 18540 --- [main] o.s.b.w.embedded.tomcat.TomcatWebServer  : Tomcat initialized with port(s): 5160 (http)
2024-02-28 14:20:32.237  INFO 18540 --- [main] o.apache.catalina.core.StandardService   : Starting service [Tomcat]
2024-02-28 14:20:32.237  INFO 18540 --- [main] org.apache.catalina.core.StandardEngine  : Starting Servlet engine: [Apache Tomcat/9.0.75]
2024-02-28 14:20:32.318  INFO 18540 --- [main] o.a.c.c.C.[Tomcat].[localhost].[/]       : Initializing Spring embedded WebApplicationContext
2024-02-28 14:20:32.318  INFO 18540 --- [main] w.s.c.ServletWebServerApplicationContext : Root WebApplicationContext: initialization completed in 1607 ms
2024-02-28 14:20:33.362  INFO 18540 --- [main] o.y.standard.ServerEndpointExporter      : [34mNetty WebSocket started on port: 8880 with context path(s): '/websocket/{pageId}' .[0m
2024-02-28 14:20:33.390  INFO 18540 --- [main] o.s.b.w.embedded.tomcat.TomcatWebServer  : Tomcat started on port(s): 5160 (http) with context path ''
2024-02-28 14:20:33.400  INFO 18540 --- [main] c.y.v.YiwanVaccinedispenserApplication   : Started YiwanVaccinedispenserApplication in 3.068 seconds (JVM running for 5.595)
2024-02-28 14:20:46.706  INFO 18540 --- [http-nio-5160-exec-1] o.a.c.c.C.[Tomcat].[localhost].[/]       : Initializing Spring DispatcherServlet 'dispatcherServlet'
2024-02-28 14:20:46.706  INFO 18540 --- [http-nio-5160-exec-1] o.s.web.servlet.DispatcherServlet        : Initializing Servlet 'dispatcherServlet'
2024-02-28 14:20:46.707  INFO 18540 --- [http-nio-5160-exec-1] o.s.web.servlet.DispatcherServlet        : Completed initialization in 1 ms
2024-02-28 14:20:46.795  INFO 18540 --- [http-nio-5160-exec-1] c.y.v.w.c.system.LoginController         : 收到的数据是：{}LogResquest(username=admin, password=123456a, type=null, identifyingCode=null, identifyingCodeId=null)
2024-02-28 14:20:46.847  INFO 18540 --- [http-nio-5160-exec-1] com.zaxxer.hikari.HikariDataSource       : HikariPool-1 - Starting...
2024-02-28 14:20:46.976  INFO 18540 --- [http-nio-5160-exec-1] com.zaxxer.hikari.HikariDataSource       : HikariPool-1 - Start completed.
